  Source.cpp
C:\Users\costa\Desktop\ProiectPOOfaza2\ProiectPOOfaza2\Angajat.h(52,38): warning C4244: '=': conversion from 'int' to 'float', possible loss of data
C:\Users\costa\Desktop\ProiectPOOfaza2\ProiectPOOfaza2\Angajat.h(77,93): warning C4244: 'argument': conversion from 'int' to 'TIP', possible loss of data
          with
          [
              TIP=float
          ]
C:\Users\costa\Desktop\ProiectPOOfaza2\ProiectPOOfaza2\Angajat.h(77,67): warning C4244: 'argument': conversion from 'int' to 'TIP', possible loss of data
          with
          [
              TIP=float
          ]
C:\Users\costa\Desktop\ProiectPOOfaza2\ProiectPOOfaza2\Angajat.h(130,38): warning C4244: '=': conversion from 'int' to 'float', possible loss of data
C:\Users\costa\Desktop\ProiectPOOfaza2\ProiectPOOfaza2\Angajat.h(151,95): warning C4244: 'argument': conversion from 'int' to 'TIP', possible loss of data
          with
          [
              TIP=float
          ]
C:\Users\costa\Desktop\ProiectPOOfaza2\ProiectPOOfaza2\Angajat.h(151,69): warning C4244: 'argument': conversion from 'int' to 'TIP', possible loss of data
          with
          [
              TIP=float
          ]
C:\Users\costa\Desktop\ProiectPOOfaza2\ProiectPOOfaza2\Angajat.h(211,1): warning C4267: 'initializing': conversion from 'size_t' to 'int', possible loss of data
C:\Users\costa\Desktop\ProiectPOOfaza2\ProiectPOOfaza2\Angajat.h(214,1): warning C4267: 'initializing': conversion from 'size_t' to 'int', possible loss of data
C:\Users\costa\Desktop\ProiectPOOfaza2\ProiectPOOfaza2\Angajat.h(251,30): warning C4244: 'argument': conversion from 'double' to 'const float', possible loss of data
C:\Users\costa\Desktop\ProiectPOOfaza2\ProiectPOOfaza2\Angajat.h(267,25): warning C4244: '=': conversion from 'int' to 'float', possible loss of data
C:\Users\costa\Desktop\ProiectPOOfaza2\ProiectPOOfaza2\Angajat.h(352,38): warning C4244: '=': conversion from 'int' to 'float', possible loss of data
C:\Users\costa\Desktop\ProiectPOOfaza2\ProiectPOOfaza2\Angajat.h(405,93): warning C4244: 'argument': conversion from 'int' to 'TIP', possible loss of data
          with
          [
              TIP=float
          ]
C:\Users\costa\Desktop\ProiectPOOfaza2\ProiectPOOfaza2\Angajat.h(405,67): warning C4244: 'argument': conversion from 'int' to 'TIP', possible loss of data
          with
          [
              TIP=float
          ]
C:\Users\costa\Desktop\ProiectPOOfaza2\ProiectPOOfaza2\Angajat.h(474,42): warning C4244: '=': conversion from 'int' to 'float', possible loss of data
C:\Users\costa\Desktop\ProiectPOOfaza2\ProiectPOOfaza2\Angajat.h(495,99): warning C4244: 'argument': conversion from 'int' to 'TIP', possible loss of data
          with
          [
              TIP=float
          ]
C:\Users\costa\Desktop\ProiectPOOfaza2\ProiectPOOfaza2\Angajat.h(495,73): warning C4244: 'argument': conversion from 'int' to 'TIP', possible loss of data
          with
          [
              TIP=float
          ]
C:\Users\costa\Desktop\ProiectPOOfaza2\ProiectPOOfaza2\Angajat.h(649,89): warning C4244: 'argument': conversion from 'int' to 'TIP', possible loss of data
          with
          [
              TIP=float
          ]
C:\Users\costa\Desktop\ProiectPOOfaza2\ProiectPOOfaza2\Angajat.h(649,64): warning C4244: 'argument': conversion from 'int' to 'TIP', possible loss of data
          with
          [
              TIP=float
          ]
C:\Users\costa\Desktop\ProiectPOOfaza2\ProiectPOOfaza2\Angajat.h(664,34): warning C4244: '=': conversion from 'int' to 'float', possible loss of data
C:\Users\costa\Desktop\ProiectPOOfaza2\ProiectPOOfaza2\Angajat.h(767,38): warning C4244: '=': conversion from 'int' to 'float', possible loss of data
C:\Users\costa\Desktop\ProiectPOOfaza2\ProiectPOOfaza2\Angajat.h(809,93): warning C4244: 'argument': conversion from 'int' to 'TIP', possible loss of data
          with
          [
              TIP=float
          ]
C:\Users\costa\Desktop\ProiectPOOfaza2\ProiectPOOfaza2\Angajat.h(809,68): warning C4244: 'argument': conversion from 'int' to 'TIP', possible loss of data
          with
          [
              TIP=float
          ]
C:\Users\costa\Desktop\ProiectPOOfaza2\ProiectPOOfaza2\Medic.h(127,30): warning C4244: 'argument': conversion from 'double' to 'const float', possible loss of data
C:\Users\costa\Desktop\ProiectPOOfaza2\ProiectPOOfaza2\Medic.h(342,87): warning C4244: 'argument': conversion from 'int' to 'TIP', possible loss of data
          with
          [
              TIP=float
          ]
C:\Users\costa\Desktop\ProiectPOOfaza2\ProiectPOOfaza2\Medic.h(342,64): warning C4244: 'argument': conversion from 'int' to 'TIP', possible loss of data
          with
          [
              TIP=float
          ]
C:\Users\costa\Desktop\ProiectPOOfaza2\ProiectPOOfaza2\Medic.h(357,32): warning C4244: '=': conversion from 'int' to 'float', possible loss of data
C:\Users\costa\Desktop\ProiectPOOfaza2\ProiectPOOfaza2\Medic.h(477,36): warning C4244: '=': conversion from 'int' to 'float', possible loss of data
C:\Users\costa\Desktop\ProiectPOOfaza2\ProiectPOOfaza2\Medic.h(520,93): warning C4244: 'argument': conversion from 'int' to 'TIP', possible loss of data
          with
          [
              TIP=float
          ]
C:\Users\costa\Desktop\ProiectPOOfaza2\ProiectPOOfaza2\Medic.h(520,68): warning C4244: 'argument': conversion from 'int' to 'TIP', possible loss of data
          with
          [
              TIP=float
          ]
C:\Users\costa\Desktop\ProiectPOOfaza2\ProiectPOOfaza2\Asistent.h(174,30): warning C4244: 'argument': conversion from 'double' to 'const float', possible loss of data
C:\Users\costa\Desktop\ProiectPOOfaza2\ProiectPOOfaza2\Asistent.h(383,90): warning C4244: 'argument': conversion from 'int' to 'TIP', possible loss of data
          with
          [
              TIP=float
          ]
C:\Users\costa\Desktop\ProiectPOOfaza2\ProiectPOOfaza2\Asistent.h(383,64): warning C4244: 'argument': conversion from 'int' to 'TIP', possible loss of data
          with
          [
              TIP=float
          ]
C:\Users\costa\Desktop\ProiectPOOfaza2\ProiectPOOfaza2\Asistent.h(398,35): warning C4244: '=': conversion from 'int' to 'float', possible loss of data
C:\Users\costa\Desktop\ProiectPOOfaza2\ProiectPOOfaza2\Asistent.h(544,38): warning C4244: '=': conversion from 'int' to 'float', possible loss of data
C:\Users\costa\Desktop\ProiectPOOfaza2\ProiectPOOfaza2\Asistent.h(585,93): warning C4244: 'argument': conversion from 'int' to 'TIP', possible loss of data
          with
          [
              TIP=float
          ]
C:\Users\costa\Desktop\ProiectPOOfaza2\ProiectPOOfaza2\Asistent.h(585,68): warning C4244: 'argument': conversion from 'int' to 'TIP', possible loss of data
          with
          [
              TIP=float
          ]
C:\Users\costa\Desktop\ProiectPOOfaza2\ProiectPOOfaza2\Consultatie.h(110,20): warning C4244: 'initializing': conversion from 'double' to 'float', possible loss of data
C:\Users\costa\Desktop\ProiectPOOfaza2\ProiectPOOfaza2\Pacient.h(350,1): warning C4267: 'initializing': conversion from 'size_t' to 'int', possible loss of data
C:\Users\costa\Desktop\ProiectPOOfaza2\ProiectPOOfaza2\Pacient.h(353,1): warning C4267: 'initializing': conversion from 'size_t' to 'int', possible loss of data
C:\Users\costa\Desktop\ProiectPOOfaza2\ProiectPOOfaza2\Pacient.h(930,65): warning C4244: 'argument': conversion from 'int' to 'TIP', possible loss of data
          with
          [
              TIP=float
          ]
C:\Users\costa\Desktop\ProiectPOOfaza2\ProiectPOOfaza2\Pacient.h(1077,65): warning C4244: 'argument': conversion from 'int' to 'TIP', possible loss of data
          with
          [
              TIP=float
          ]
C:\Users\costa\Desktop\ProiectPOOfaza2\ProiectPOOfaza2\Pacient.h(1044,14): warning C4101: 'ok': unreferenced local variable
C:\Users\costa\Desktop\ProiectPOOfaza2\ProiectPOOfaza2\FileManager.h(16,10): warning C4067: unexpected tokens following preprocessor directive - expected a newline
C:\Users\costa\Desktop\ProiectPOOfaza2\ProiectPOOfaza2\PacientExtins.h(396,16): warning C4101: 'istoricPlati': unreferenced local variable
C:\Users\costa\Desktop\ProiectPOOfaza2\ProiectPOOfaza2\Rezident.h(299,90): warning C4244: 'argument': conversion from 'int' to 'TIP', possible loss of data
          with
          [
              TIP=float
          ]
C:\Users\costa\Desktop\ProiectPOOfaza2\ProiectPOOfaza2\Rezident.h(299,64): warning C4244: 'argument': conversion from 'int' to 'TIP', possible loss of data
          with
          [
              TIP=float
          ]
C:\Users\costa\Desktop\ProiectPOOfaza2\ProiectPOOfaza2\Rezident.h(314,35): warning C4244: '=': conversion from 'int' to 'float', possible loss of data
C:\Users\costa\Desktop\ProiectPOOfaza2\ProiectPOOfaza2\Menu.h(839,45): warning C4305: 'argument': truncation from 'double' to 'const float'
C:\Users\costa\Desktop\ProiectPOOfaza2\ProiectPOOfaza2\Functii.h(57,24): warning C4244: 'initializing': conversion from 'TIP' to 'int', possible loss of data
          with
          [
              TIP=float
          ]
C:\Users\costa\Desktop\ProiectPOOfaza2\ProiectPOOfaza2\Angajat.h(77,1): message : see reference to function template instantiation 'TIP *verifIstoric<float>(const TIP [],TIP,TIP)' being compiled
          with
          [
              TIP=float
          ]
C:\Users\costa\Desktop\ProiectPOOfaza2\ProiectPOOfaza2\ConsultatieExtinsa.h(133): warning C4715: 'ConsultatieExtinsa::getStaticPreturi': not all control paths return a value
  ProiectPOOfaza2.vcxproj -> C:\Users\costa\Desktop\ProiectPOOfaza2\ProiectPOOfaza2\x64\Debug\ProiectPOOfaza2.exe
